\BOOKMARK [0][-]{chapter.1}{Introducción}{}% 1
\BOOKMARK [1][-]{section.1.1}{Motivación}{chapter.1}% 2
\BOOKMARK [1][-]{section.1.2}{Objetivos}{chapter.1}% 3
\BOOKMARK [1][-]{section.1.3}{Estructura\040de\040la\040memoria}{chapter.1}% 4
\BOOKMARK [0][-]{chapter.2}{Antecedentes y estado de la cuestión}{}% 5
\BOOKMARK [1][-]{section.2.1}{Redes de interconexión}{chapter.2}% 6
\BOOKMARK [2][-]{subsection.2.1.1}{Topología}{section.2.1}% 7
\BOOKMARK [3][-]{subsubsection.2.1.1.1}{Redes de conexión de medio compartido}{subsection.2.1.1}% 8
\BOOKMARK [4][-]{paragraph.2.1.1.1.1}{Redes de área local}{subsubsection.2.1.1.1}% 9
\BOOKMARK [5][-]{subparagraph.2.1.1.1.1.1}{Bus de contención \(CSMA/CD\)}{paragraph.2.1.1.1.1}% 10
\BOOKMARK [5][-]{subparagraph.2.1.1.1.1.2}{Token\040Bus}{paragraph.2.1.1.1.1}% 11
\BOOKMARK [5][-]{subparagraph.2.1.1.1.1.3}{Token\040Ring}{paragraph.2.1.1.1.1}% 12
\BOOKMARK [3][-]{subsubsection.2.1.1.2}{Redes de conexión directas o estáticas}{subsection.2.1.1}% 13
\BOOKMARK [4][-]{paragraph.2.1.1.2.1}{Estrella}{subsubsection.2.1.1.2}% 14
\BOOKMARK [4][-]{paragraph.2.1.1.2.2}{Anillo}{subsubsection.2.1.1.2}% 15
\BOOKMARK [4][-]{paragraph.2.1.1.2.3}{Malla}{subsubsection.2.1.1.2}% 16
\BOOKMARK [4][-]{paragraph.2.1.1.2.4}{Toro}{subsubsection.2.1.1.2}% 17
\BOOKMARK [4][-]{paragraph.2.1.1.2.5}{Hipercubo}{subsubsection.2.1.1.2}% 18
\BOOKMARK [3][-]{subsubsection.2.1.1.3}{Redes de conexión indirectas o dinámicas}{subsection.2.1.1}% 19
\BOOKMARK [4][-]{paragraph.2.1.1.3.1}{Redes\040en\040bus}{subsubsection.2.1.1.3}% 20
\BOOKMARK [4][-]{paragraph.2.1.1.3.2}{Redes\040multietapa}{subsubsection.2.1.1.3}% 21
\BOOKMARK [5][-]{subparagraph.2.1.1.3.2.1}{Redes\040Omega}{paragraph.2.1.1.3.2}% 22
\BOOKMARK [5][-]{subparagraph.2.1.1.3.2.2}{Redes de línea base}{paragraph.2.1.1.3.2}% 23
\BOOKMARK [5][-]{subparagraph.2.1.1.3.2.3}{Redes\040CLOS}{paragraph.2.1.1.3.2}% 24
\BOOKMARK [5][-]{subparagraph.2.1.1.3.2.4}{Red\040de\040Benes}{paragraph.2.1.1.3.2}% 25
\BOOKMARK [4][-]{paragraph.2.1.1.3.3}{Crossbar\040switches}{subsubsection.2.1.1.3}% 26
\BOOKMARK [3][-]{subsubsection.2.1.1.4}{Redes de conexión híbridas}{subsection.2.1.1}% 27
\BOOKMARK [2][-]{subsection.2.1.2}{Estructura\040organizacional}{section.2.1}% 28
\BOOKMARK [2][-]{subsection.2.1.3}{Encaminamiento}{section.2.1}% 29
\BOOKMARK [3][-]{subsubsection.2.1.3.1}{Problemas\040relacionados\040con\040el\040encaminamiento}{subsection.2.1.3}% 30
\BOOKMARK [4][-]{paragraph.2.1.3.1.1}{Deadlock}{subsubsection.2.1.3.1}% 31
\BOOKMARK [4][-]{paragraph.2.1.3.1.2}{Livelock}{subsubsection.2.1.3.1}% 32
\BOOKMARK [4][-]{paragraph.2.1.3.1.3}{Starvation}{subsubsection.2.1.3.1}% 33
\BOOKMARK [2][-]{subsection.2.1.4}{Diseño del switch}{section.2.1}% 34
\BOOKMARK [2][-]{subsection.2.1.5}{Control\040de\040flujo}{section.2.1}% 35
\BOOKMARK [3][-]{subsubsection.2.1.5.1}{Basado en créditos}{subsection.2.1.5}% 36
\BOOKMARK [3][-]{subsubsection.2.1.5.2}{Basado\040en\040marcas\040\(Stop\040&\040Go\)}{subsection.2.1.5}% 37
\BOOKMARK [1][-]{section.2.2}{Protocolo\040de\040transporte\040Remote\040Direct\040Memory\040Access\040\(RDMA\)}{chapter.2}% 38
\BOOKMARK [2][-]{subsection.2.2.1}{Ventajas\040de\040RDMA}{section.2.2}% 39
\BOOKMARK [2][-]{subsection.2.2.2}{Protocolos\040de\040red\040compatibles\040con\040RDMA}{section.2.2}% 40
\BOOKMARK [1][-]{section.2.3}{Entorno de simulación Omnet++}{chapter.2}% 41
\BOOKMARK [0][-]{chapter.3}{Metodología y desarrollo}{}% 42
\BOOKMARK [0][-]{chapter.4}{Experimentos\040y\040resultados}{}% 43
\BOOKMARK [0][-]{chapter.5}{Conclusiones}{}% 44
\BOOKMARK [1][-]{section.5.1}{Configuración}{chapter.5}% 45
\BOOKMARK [1][-]{section.5.2}{Colores}{chapter.5}% 46
\BOOKMARK [1][-]{section.5.3}{Listas\040y\040enumeraciones}{chapter.5}% 47
\BOOKMARK [1][-]{section.5.4}{Elementos\040flotantes}{chapter.5}% 48
\BOOKMARK [2][-]{subsection.5.4.1}{Tablas}{section.5.4}% 49
\BOOKMARK [2][-]{subsection.5.4.2}{Figuras}{section.5.4}% 50
\BOOKMARK [1][-]{section.5.5}{Algoritmos y código}{chapter.5}% 51
\BOOKMARK [1][-]{section.5.6}{Bibliografía}{chapter.5}% 52
\BOOKMARK [1][-]{section.5.7}{Notación matemática}{chapter.5}% 53
\BOOKMARK [0][-]{chapter.6}{Marcas\040y\040ayudas}{}% 54
\BOOKMARK [1][-]{section.6.1}{Figuras}{chapter.6}% 55
\BOOKMARK [0][-]{appendix.A}{Anexo\0401}{}% 56
\BOOKMARK [0][-]{appendix*.33}{Referencia bibliográfica}{}% 57
